app/build/outputs/logs/manifest-merger-debug-report.txt
-- Merging decision tree log ---
manifest
ADDED from src\main\AndroidManifest.xml:2:1-206:12
INJECTED from src\main\AndroidManifest.xml:2:1-206:12
INJECTED from src\main\AndroidManifest.xml:2:1-206:12
INJECTED from src\main\AndroidManifest.xml:2:1-206:12
MERGED from [com.android.support:appcompat-v7:25.3.1] AndroidManifest.xml:17:1-31:12
MERGED from [com.android.support:support-v4:25.3.1] AndroidManifest.xml:17:1-31:12
MERGED from [com.android.support:animated-vector-drawable:25.3.1] AndroidManifest.xml:17:1-28:12
MERGED from [com.android.support:support-vector-drawable:25.3.1] AndroidManifest.xml:17:1-28:12
MERGED from [com.android.support:support-fragment:25.3.1] AndroidManifest.xml:17:1-31:12
MERGED from [com.android.support:support-media-compat:25.3.1] AndroidManifest.xml:17:1-31:12
MERGED from [com.android.support:support-core-utils:25.3.1] AndroidManifest.xml:17:1-31:12
MERGED from [com.android.support:support-core-ui:25.3.1] AndroidManifest.xml:17:1-31:12
MERGED from [com.android.support:support-compat:25.3.1] AndroidManifest.xml:17:1-31:12
INJECTED from src\main\AndroidManifest.xml:2:1-206:12
INJECTED from src\main\AndroidManifest.xml:2:1-206:12
INJECTED from src\main\AndroidManifest.xml:2:1-206:12
	package
		ADDED from src\main\AndroidManifest.xml:3:5-33
		INJECTED from src\main\AndroidManifest.xml
		INJECTED from src\main\AndroidManifest.xml
	android:versionName
		ADDED from src\main\AndroidManifest.xml:5:5-30
		INJECTED from src\main\AndroidManifest.xml
		INJECTED from src\main\AndroidManifest.xml
	xmlns:android
		ADDED from src\main\AndroidManifest.xml:2:11-69
	android:versionCode
		ADDED from src\main\AndroidManifest.xml:4:5-30
		INJECTED from src\main\AndroidManifest.xml
		INJECTED from src\main\AndroidManifest.xml
uses-sdk
ADDED from src\main\AndroidManifest.xml:7:5-8:38
INJECTED from src\main\AndroidManifest.xml:7:5-8:38
INJECTED from src\main\AndroidManifest.xml:7:5-8:38
MERGED from [com.android.support:appcompat-v7:25.3.1] AndroidManifest.xml:21:5-23:78
MERGED from [com.android.support:appcompat-v7:25.3.1] AndroidManifest.xml:21:5-23:78
MERGED from [com.android.support:support-v4:25.3.1] AndroidManifest.xml:21:5-23:54
MERGED from [com.android.support:support-v4:25.3.1] AndroidManifest.xml:21:5-23:54
MERGED from [com.android.support:animated-vector-drawable:25.3.1] AndroidManifest.xml:20:5-44
MERGED from [com.android.support:animated-vector-drawable:25.3.1] AndroidManifest.xml:20:5-44
MERGED from [com.android.support:support-vector-drawable:25.3.1] AndroidManifest.xml:20:5-43
MERGED from [com.android.support:support-vector-drawable:25.3.1] AndroidManifest.xml:20:5-43
MERGED from [com.android.support:support-fragment:25.3.1] AndroidManifest.xml:21:5-23:60
MERGED from [com.android.support:support-fragment:25.3.1] AndroidManifest.xml:21:5-23:60
MERGED from [com.android.support:support-media-compat:25.3.1] AndroidManifest.xml:21:5-23:63
MERGED from [com.android.support:support-media-compat:25.3.1] AndroidManifest.xml:21:5-23:63
MERGED from [com.android.support:support-core-utils:25.3.1] AndroidManifest.xml:21:5-23:61
MERGED from [com.android.support:support-core-utils:25.3.1] AndroidManifest.xml:21:5-23:61
MERGED from [com.android.support:support-core-ui:25.3.1] AndroidManifest.xml:21:5-23:58
MERGED from [com.android.support:support-core-ui:25.3.1] AndroidManifest.xml:21:5-23:58
MERGED from [com.android.support:support-compat:25.3.1] AndroidManifest.xml:21:5-23:58
MERGED from [com.android.support:support-compat:25.3.1] AndroidManifest.xml:21:5-23:58
INJECTED from src\main\AndroidManifest.xml:7:5-8:38
INJECTED from src\main\AndroidManifest.xml:7:5-8:38
	tools:overrideLibrary
		ADDED from [com.android.support:appcompat-v7:25.3.1] AndroidManifest.xml:23:9-75
	android:targetSdkVersion
		INJECTED from src\main\AndroidManifest.xml
		ADDED from src\main\AndroidManifest.xml:7:5-8:38
		INJECTED from src\main\AndroidManifest.xml
	android:minSdkVersion
		ADDED from src\main\AndroidManifest.xml:8:9-35
		INJECTED from src\main\AndroidManifest.xml
		INJECTED from src\main\AndroidManifest.xml
uses-permission#android.permission.CAMERA
ADDED from src\main\AndroidManifest.xml:11:5-65
	android:name
		ADDED from src\main\AndroidManifest.xml:11:22-62
uses-permission#android.permission.READ_EXTERNAL_STORAGE
ADDED from src\main\AndroidManifest.xml:12:5-80
	android:name
		ADDED from src\main\AndroidManifest.xml:12:22-77
uses-permission#android.permission.WRITE_EXTERNAL_STORAGE
ADDED from src\main\AndroidManifest.xml:13:5-81
	android:name
		ADDED from src\main\AndroidManifest.xml:13:22-78
uses-permission#android.permission.INTERNET
ADDED from src\main\AndroidManifest.xml:14:5-67
	android:name
		ADDED from src\main\AndroidManifest.xml:14:22-64
uses-permission#android.permission.ACCESS_NETWORK_STATE
ADDED from src\main\AndroidManifest.xml:15:5-79
	android:name
		ADDED from src\main\AndroidManifest.xml:15:22-76
uses-permission#com.example.aidl.permission.ACCESS_BOOK_SERVICE
ADDED from src\main\AndroidManifest.xml:16:5-87
	android:name
		ADDED from src\main\AndroidManifest.xml:16:22-84
uses-permission#android.permission.BATTERY_STATS
ADDED from src\main\AndroidManifest.xml:17:5-71
	android:name
		ADDED from src\main\AndroidManifest.xml:17:22-69
uses-permission#android.permission.VIBRATE
ADDED from src\main\AndroidManifest.xml:18:5-65
	android:name
		ADDED from src\main\AndroidManifest.xml:18:22-63
permission#com.example.aidl.permission.ACCESS_BOOK_SERVICE
ADDED from src\main\AndroidManifest.xml:20:5-22:41
	android:protectionLevel
		ADDED from src\main\AndroidManifest.xml:22:6-38
	android:name
		ADDED from src\main\AndroidManifest.xml:21:6-68
application
ADDED from src\main\AndroidManifest.xml:24:5-204:19
MERGED from [com.android.support:appcompat-v7:25.3.1] AndroidManifest.xml:29:5-20
MERGED from [com.android.support:appcompat-v7:25.3.1] AndroidManifest.xml:29:5-20
MERGED from [com.android.support:support-v4:25.3.1] AndroidManifest.xml:29:5-20
MERGED from [com.android.support:support-v4:25.3.1] AndroidManifest.xml:29:5-20
MERGED from [com.android.support:animated-vector-drawable:25.3.1] AndroidManifest.xml:26:5-20
MERGED from [com.android.support:animated-vector-drawable:25.3.1] AndroidManifest.xml:26:5-20
MERGED from [com.android.support:support-vector-drawable:25.3.1] AndroidManifest.xml:26:5-20
MERGED from [com.android.support:support-vector-drawable:25.3.1] AndroidManifest.xml:26:5-20
MERGED from [com.android.support:support-fragment:25.3.1] AndroidManifest.xml:29:5-20
MERGED from [com.android.support:support-fragment:25.3.1] AndroidManifest.xml:29:5-20
MERGED from [com.android.support:support-media-compat:25.3.1] AndroidManifest.xml:29:5-20
MERGED from [com.android.support:support-media-compat:25.3.1] AndroidManifest.xml:29:5-20
MERGED from [com.android.support:support-core-utils:25.3.1] AndroidManifest.xml:29:5-20
MERGED from [com.android.support:support-core-utils:25.3.1] AndroidManifest.xml:29:5-20
MERGED from [com.android.support:support-core-ui:25.3.1] AndroidManifest.xml:29:5-20
MERGED from [com.android.support:support-core-ui:25.3.1] AndroidManifest.xml:29:5-20
MERGED from [com.android.support:support-compat:25.3.1] AndroidManifest.xml:29:5-20
MERGED from [com.android.support:support-compat:25.3.1] AndroidManifest.xml:29:5-20
	android:label
		ADDED from src\main\AndroidManifest.xml:27:9-41
	android:largeHeap
		ADDED from src\main\AndroidManifest.xml:29:9-33
	android:icon
		ADDED from src\main\AndroidManifest.xml:26:9-45
	android:allowBackup
		ADDED from src\main\AndroidManifest.xml:25:9-35
	android:theme
		ADDED from src\main\AndroidManifest.xml:28:9-49
meta-data#android.max_aspect
ADDED from src\main\AndroidManifest.xml:31:9-76
	android:value
		ADDED from src\main\AndroidManifest.xml:31:54-73
	android:name
		ADDED from src\main\AndroidManifest.xml:31:20-53
activity#com.example.app.MainActivity
ADDED from src\main\AndroidManifest.xml:32:9-41:20
	android:label
		ADDED from src\main\AndroidManifest.xml:34:13-45
	android:configChanges
		ADDED from src\main\AndroidManifest.xml:35:13-74
	android:name
		ADDED from src\main\AndroidManifest.xml:33:13-56
intent-filter#action:name:android.intent.action.MAIN+category:name:android.intent.category.LAUNCHER
ADDED from src\main\AndroidManifest.xml:36:13-40:29
action#android.intent.action.MAIN
ADDED from src\main\AndroidManifest.xml:37:17-69
	android:name
		ADDED from src\main\AndroidManifest.xml:37:25-66
category#android.intent.category.LAUNCHER
ADDED from src\main\AndroidManifest.xml:39:17-77
	android:name
		ADDED from src\main\AndroidManifest.xml:39:27-74
activity#com.example.app.VerticalSeekbarActivity
ADDED from src\main\AndroidManifest.xml:43:9-53:20
	android:label
		ADDED from src\main\AndroidManifest.xml:45:13-45
	android:name
		ADDED from src\main\AndroidManifest.xml:44:13-67
intent-filter#action:name:android.intent.action.appB.second+category:name:android.intent.category.DEFAULT+data:mimeType:image/*
ADDED from src\main\AndroidManifest.xml:46:13-52:29
action#android.intent.action.appB.second
ADDED from src\main\AndroidManifest.xml:47:17-76
	android:name
		ADDED from src\main\AndroidManifest.xml:47:25-73
category#android.intent.category.DEFAULT
ADDED from src\main\AndroidManifest.xml:49:17-76
	android:name
		ADDED from src\main\AndroidManifest.xml:49:27-73
data
ADDED from src\main\AndroidManifest.xml:51:17-51
	android:mimeType
		ADDED from src\main\AndroidManifest.xml:51:23-49
activity#com.example.app.DialogActivity
ADDED from src\main\AndroidManifest.xml:55:9-57:20
	android:name
		ADDED from src\main\AndroidManifest.xml:56:13-58
activity#com.example.provider.ProviderActivity
ADDED from src\main\AndroidManifest.xml:59:9-62:20
	android:process
		ADDED from src\main\AndroidManifest.xml:61:13-48
	android:name
		ADDED from src\main\AndroidManifest.xml:60:13-65
provider#com.example.provider.BookProvider
ADDED from src\main\AndroidManifest.xml:64:9-69:20
	android:process
		ADDED from src\main\AndroidManifest.xml:68:13-40
	android:authorities
		ADDED from src\main\AndroidManifest.xml:66:13-69
	android:permission
		ADDED from src\main\AndroidManifest.xml:67:13-54
	android:name
		ADDED from src\main\AndroidManifest.xml:65:13-61
activity#com.example.network.TCPClientActivity
ADDED from src\main\AndroidManifest.xml:71:9-74:20
	android:process
		ADDED from src\main\AndroidManifest.xml:73:13-41
	android:name
		ADDED from src\main\AndroidManifest.xml:72:13-65
service#com.example.network.TCPServerService
ADDED from src\main\AndroidManifest.xml:76:9-79:19
	android:process
		ADDED from src\main\AndroidManifest.xml:78:13-41
	android:name
		ADDED from src\main\AndroidManifest.xml:77:13-64
service#com.example.aidl.BookManagerService
ADDED from src\main\AndroidManifest.xml:81:3-84:13
	android:process
		ADDED from src\main\AndroidManifest.xml:83:7-32
	android:name
		ADDED from src\main\AndroidManifest.xml:82:7-57
activity#com.example.aidl.BookManagerActivity
ADDED from src\main\AndroidManifest.xml:86:3-88:14
	android:name
		ADDED from src\main\AndroidManifest.xml:87:7-58
activity#com.example.thread.ThreadActivity
ADDED from src\main\AndroidManifest.xml:90:3-92:14
	android:name
		ADDED from src\main\AndroidManifest.xml:91:7-55
activity#com.example.bitmap.AsyncTaskActivity
ADDED from src\main\AndroidManifest.xml:94:3-96:14
	android:name
		ADDED from src\main\AndroidManifest.xml:95:7-58
activity#com.example.imageloader.GalleryActivity
ADDED from src\main\AndroidManifest.xml:98:3-100:14
	android:name
		ADDED from src\main\AndroidManifest.xml:99:7-61
activity#com.example.bitmap.DoubleExposureActivity
ADDED from src\main\AndroidManifest.xml:102:3-105:14
	android:label
		ADDED from src\main\AndroidManifest.xml:104:7-44
	android:name
		ADDED from src\main\AndroidManifest.xml:103:7-63
activity#com.example.draw.DrawActivity
ADDED from src\main\AndroidManifest.xml:107:3-110:14
	android:label
		ADDED from src\main\AndroidManifest.xml:109:7-35
	android:name
		ADDED from src\main\AndroidManifest.xml:108:7-51
activity#com.example.bitmap.XfermodeActivity
ADDED from src\main\AndroidManifest.xml:112:3-115:14
	android:label
		ADDED from src\main\AndroidManifest.xml:114:7-39
	android:name
		ADDED from src\main\AndroidManifest.xml:113:7-57
activity#com.example.app.SurfaceViewActivity
ADDED from src\main\AndroidManifest.xml:117:3-120:14
	android:label
		ADDED from src\main\AndroidManifest.xml:119:7-34
	android:name
		ADDED from src\main\AndroidManifest.xml:118:7-57
activity#com.example.app.CanvasActivity
ADDED from src\main\AndroidManifest.xml:122:3-125:14
	android:label
		ADDED from src\main\AndroidManifest.xml:124:7-29
	android:name
		ADDED from src\main\AndroidManifest.xml:123:7-52
activity#com.example.app.ExceptionActivity
ADDED from src\main\AndroidManifest.xml:127:3-130:14
	android:label
		ADDED from src\main\AndroidManifest.xml:129:7-32
	android:name
		ADDED from src\main\AndroidManifest.xml:128:7-55
activity#com.example.network.JsonActivity
ADDED from src\main\AndroidManifest.xml:132:3-135:14
	android:label
		ADDED from src\main\AndroidManifest.xml:134:7-35
	android:name
		ADDED from src\main\AndroidManifest.xml:133:7-54
activity#com.example.app.CameraActivity
ADDED from src\main\AndroidManifest.xml:137:3-140:14
	android:label
		ADDED from src\main\AndroidManifest.xml:139:7-37
	android:name
		ADDED from src\main\AndroidManifest.xml:138:7-52
activity#com.example.service.ServiceActivity
ADDED from src\main\AndroidManifest.xml:142:3-145:14
	android:label
		ADDED from src\main\AndroidManifest.xml:144:7-38
	android:name
		ADDED from src\main\AndroidManifest.xml:143:7-57
activity#com.example.leetCode.LeetCodeActivity
ADDED from src\main\AndroidManifest.xml:147:3-150:14
	android:label
		ADDED from src\main\AndroidManifest.xml:149:7-39
	android:name
		ADDED from src\main\AndroidManifest.xml:148:7-59
activity#com.example.app.MatrixActivity
ADDED from src\main\AndroidManifest.xml:152:3-155:14
	android:label
		ADDED from src\main\AndroidManifest.xml:154:7-37
	android:name
		ADDED from src\main\AndroidManifest.xml:153:7-52
activity#com.example.video.SetVideoActivity
ADDED from src\main\AndroidManifest.xml:157:3-158:59
	android:name
		ADDED from src\main\AndroidManifest.xml:158:7-56
activity#com.example.video.ShowVideoActivity
ADDED from src\main\AndroidManifest.xml:159:9-160:66
	android:name
		ADDED from src\main\AndroidManifest.xml:160:13-63
activity#com.example.video.VideoRecordActivity
ADDED from src\main\AndroidManifest.xml:161:9-163:51
	android:label
		ADDED from src\main\AndroidManifest.xml:163:13-48
	android:name
		ADDED from src\main\AndroidManifest.xml:162:13-65
activity#com.example.video.VideoPlayActivity
ADDED from src\main\AndroidManifest.xml:164:9-166:52
	android:label
		ADDED from src\main\AndroidManifest.xml:166:13-48
	android:name
		ADDED from src\main\AndroidManifest.xml:165:13-63
activity#com.example.thread.HandlerActivity
ADDED from src\main\AndroidManifest.xml:168:9-170:48
	android:label
		ADDED from src\main\AndroidManifest.xml:170:13-44
	android:name
		ADDED from src\main\AndroidManifest.xml:169:13-62
service#com.example.service.HelloIntentService
ADDED from src\main\AndroidManifest.xml:172:3-175:13
	android:exported
		ADDED from src\main\AndroidManifest.xml:174:7-31
	android:name
		ADDED from src\main\AndroidManifest.xml:173:7-60
service#com.example.service.HelloService
ADDED from src\main\AndroidManifest.xml:177:3-180:13
	android:exported
		ADDED from src\main\AndroidManifest.xml:179:7-31
	android:name
		ADDED from src\main\AndroidManifest.xml:178:7-54
service#com.example.service.CategoryService
ADDED from src\main\AndroidManifest.xml:182:3-185:13
	android:exported
		ADDED from src\main\AndroidManifest.xml:184:7-31
	android:name
		ADDED from src\main\AndroidManifest.xml:183:7-57
activity#com.example.aidl.MessengerActivity
ADDED from src\main\AndroidManifest.xml:194:9-71
	android:name
		ADDED from src\main\AndroidManifest.xml:194:19-68
activity#com.example.app.LayoutWeightActivity
ADDED from src\main\AndroidManifest.xml:196:9-73
	android:name
		ADDED from src\main\AndroidManifest.xml:196:19-70
activity#com.example.app.HandlerThreadActivity
ADDED from src\main\AndroidManifest.xml:198:9-74
	android:name
		ADDED from src\main\AndroidManifest.xml:198:19-71
service#com.example.aidl.MessengerService
ADDED from src\main\AndroidManifest.xml:200:9-202:41
	android:process
		ADDED from src\main\AndroidManifest.xml:202:13-38
	android:name
		ADDED from src\main\AndroidManifest.xml:201:13-61
meta-data#android.support.VERSION
ADDED from [com.android.support:appcompat-v7:25.3.1] AndroidManifest.xml:25:5-27:34
MERGED from [com.android.support:support-v4:25.3.1] AndroidManifest.xml:25:5-27:34
MERGED from [com.android.support:support-v4:25.3.1] AndroidManifest.xml:25:5-27:34
MERGED from [com.android.support:animated-vector-drawable:25.3.1] AndroidManifest.xml:22:5-24:34
MERGED from [com.android.support:animated-vector-drawable:25.3.1] AndroidManifest.xml:22:5-24:34
MERGED from [com.android.support:support-vector-drawable:25.3.1] AndroidManifest.xml:22:5-24:34
MERGED from [com.android.support:support-vector-drawable:25.3.1] AndroidManifest.xml:22:5-24:34
MERGED from [com.android.support:support-fragment:25.3.1] AndroidManifest.xml:25:5-27:34
MERGED from [com.android.support:support-fragment:25.3.1] AndroidManifest.xml:25:5-27:34
MERGED from [com.android.support:support-media-compat:25.3.1] AndroidManifest.xml:25:5-27:34
MERGED from [com.android.support:support-media-compat:25.3.1] AndroidManifest.xml:25:5-27:34
MERGED from [com.android.support:support-core-utils:25.3.1] AndroidManifest.xml:25:5-27:34
MERGED from [com.android.support:support-core-utils:25.3.1] AndroidManifest.xml:25:5-27:34
MERGED from [com.android.support:support-core-ui:25.3.1] AndroidManifest.xml:25:5-27:34
MERGED from [com.android.support:support-core-ui:25.3.1] AndroidManifest.xml:25:5-27:34
MERGED from [com.android.support:support-compat:25.3.1] AndroidManifest.xml:25:5-27:34
MERGED from [com.android.support:support-compat:25.3.1] AndroidManifest.xml:25:5-27:34
	android:value
		ADDED from [com.android.support:appcompat-v7:25.3.1] AndroidManifest.xml:27:9-31
	android:name
		ADDED from [com.android.support:appcompat-v7:25.3.1] AndroidManifest.xml:26:9-47